<?xml version="1.0" encoding="UTF-8"?>
<robot generator="Robot 7.0 (Python 3.12.0 on win32)" generated="2024-05-24T14:27:20.211416" rpa="false" schemaversion="5">
<suite id="s1" name="DeleteReqApi" source="C:\Users\MRUTTYUNJAY\robotframeworkProj\wiproProject\JsonValidOne\DeleteReqApi.robot">
<test id="s1-t1" name="Get Request for Delete Session" line="12">
<kw name="Create Session" owner="RequestsLibrary">
<msg time="2024-05-24T14:27:20.912479" level="INFO">Creating Session using : alias=myreqsin, url=https://reqres.in/, headers={},                     cookies={}, auth=None, timeout=None, proxies=None, verify=False,                     debug=0 </msg>
<arg>myreqsin</arg>
<arg>${BASE_URL}</arg>
<arg>disable_warnings=1</arg>
<doc>Create Session: create a HTTP session to a server</doc>
<status status="PASS" start="2024-05-24T14:27:20.912479" elapsed="0.000000"/>
</kw>
<kw name="Set Variable" owner="BuiltIn">
<msg time="2024-05-24T14:27:20.913463" level="INFO">${end_point} = /api/users/2</msg>
<var>${end_point}</var>
<arg>/api/users/2</arg>
<doc>Returns the given values which can then be assigned to a variables.</doc>
<status status="PASS" start="2024-05-24T14:27:20.913463" elapsed="0.000000"/>
</kw>
<kw name="DELETE On Session" owner="RequestsLibrary">
<msg time="2024-05-24T14:27:22.661064" level="INFO">DELETE Request : url=https://reqres.in/api/users/2 
 path_url=/api/users/2 
 headers={'User-Agent': 'python-requests/2.32.2', 'Accept-Encoding': 'gzip, deflate', 'Accept': '*/*', 'Connection': 'keep-alive', 'Content-Length': '0'} 
 body=None 
 </msg>
<msg time="2024-05-24T14:27:22.661064" level="INFO">DELETE Response : url=https://reqres.in/api/users/2 
 status=204, reason=No Content 
 headers={'Date': 'Fri, 24 May 2024 08:57:18 GMT', 'Content-Length': '0', 'Connection': 'keep-alive', 'Report-To': '{"group":"heroku-nel","max_age":3600,"endpoints":[{"url":"https://nel.heroku.com/reports?ts=1716541038&amp;sid=c4c9725f-1ab0-44d8-820f-430df2718e11&amp;s=AlHpSCmcsIWDlKPG9LkYdF9BoIJuOpt6bOI%2BZH5gL3U%3D"}]}', 'Reporting-Endpoints': 'heroku-nel=https://nel.heroku.com/reports?ts=1716541038&amp;sid=c4c9725f-1ab0-44d8-820f-430df2718e11&amp;s=AlHpSCmcsIWDlKPG9LkYdF9BoIJuOpt6bOI%2BZH5gL3U%3D', 'Nel': '{"report_to":"heroku-nel","max_age":3600,"success_fraction":0.005,"failure_fraction":0.05,"response_headers":["Via"]}', 'X-Powered-By': 'Express', 'Access-Control-Allow-Origin': '*', 'Etag': 'W/"2-vyGp6PvFo4RvsFtPoIWeCReyIC8"', 'Via': '1.1 vegur', 'CF-Cache-Status': 'DYNAMIC', 'Server': 'cloudflare', 'CF-RAY': '888c13d1def193a1-BBI'} 
 body=None 
 </msg>
<msg time="2024-05-24T14:27:22.661064" level="INFO">${response} = &lt;Response [204]&gt;</msg>
<var>${response}</var>
<arg>myreqsin</arg>
<arg>${end_point}</arg>
<doc>Sends a DELETE request on a previously created HTTP Session.</doc>
<status status="PASS" start="2024-05-24T14:27:20.913463" elapsed="1.747601"/>
</kw>
<kw name="Log To Console" owner="BuiltIn">
<arg>${response}</arg>
<doc>Logs the given message to the console.</doc>
<status status="PASS" start="2024-05-24T14:27:22.662193" elapsed="0.000000"/>
</kw>
<kw name="Log To Console" owner="BuiltIn">
<arg>${response.content}</arg>
<doc>Logs the given message to the console.</doc>
<status status="PASS" start="2024-05-24T14:27:22.663073" elapsed="0.001509"/>
</kw>
<kw name="Convert To String" owner="BuiltIn">
<msg time="2024-05-24T14:27:22.665604" level="INFO">${status_code} = 204</msg>
<var>${status_code}</var>
<arg>${response.status_code}</arg>
<doc>Converts the given item to a Unicode string.</doc>
<status status="PASS" start="2024-05-24T14:27:22.664582" elapsed="0.001022"/>
</kw>
<kw name="Should Be Equal" owner="BuiltIn">
<arg>${status_code}</arg>
<arg>204</arg>
<doc>Fails if the given objects are unequal.</doc>
<status status="PASS" start="2024-05-24T14:27:22.666602" elapsed="0.000000"/>
</kw>
<kw name="Log To Console" owner="BuiltIn">
<arg>${status_code}</arg>
<doc>Logs the given message to the console.</doc>
<status status="PASS" start="2024-05-24T14:27:22.666602" elapsed="0.000000"/>
</kw>
<kw name="Log To Console" owner="BuiltIn">
<arg>${response.content}</arg>
<doc>Logs the given message to the console.</doc>
<status status="PASS" start="2024-05-24T14:27:22.667602" elapsed="0.001000"/>
</kw>
<status status="PASS" start="2024-05-24T14:27:20.911448" elapsed="1.758149"/>
</test>
<status status="PASS" start="2024-05-24T14:27:20.213911" elapsed="2.456689"/>
</suite>
<statistics>
<total>
<stat pass="1" fail="0" skip="0">All Tests</stat>
</total>
<tag>
</tag>
<suite>
<stat pass="1" fail="0" skip="0" id="s1" name="DeleteReqApi">DeleteReqApi</stat>
</suite>
</statistics>
<errors>
</errors>
</robot>
